


ARM Macro Assembler    Page 1 


    1 00000000         ;-------------------------------------------------------
                       -----------------------
    2 00000000         ; Copyright (c) 1999 SEUNGJUN Co., Ltd. Technology Licen
                       sing Seoul,Korea.
    3 00000000         ; Any reproduction without written permission is prohibi
                       ted by law.
    4 00000000         ;-------------------------------------------------------
                       -----------------------
    5 00000000         ; Produced by SEUNGJUN Co., Ltd. Laboratory, Dennis
    6 00000000         ;-------------------------------------------------------
                       -----------------------
    7 00000000         ; Component: Serial.S(UART1)
    8 00000000         ;
    9 00000000         ; Revision : 0.1
   10 00000000         ;
   11 00000000         ; Date     : Nov 14, 2014
   12 00000000         ; Author   : Dennis
   13 00000000         ;
   14 00000000         
   15 00000000                 PRESERVE8
   16 00000000                 THUMB
   17 00000000 2009C000 
                       LPC_GPIO_BASE_ADDR
                               EQU              0x2009C000
   18 00000000 00000000 
                       FIO0DIR_OFFSET
                               EQU              0x00
   19 00000000 00000020 
                       FIO1DIR_OFFSET
                               EQU              0x20
   20 00000000 00000040 
                       FIO2DIR_OFFSET
                               EQU              0x40
   21 00000000         
   22 00000000 00000014 
                       FIO0PIN_OFFSET
                               EQU              0x14
   23 00000000 00000034 
                       FIO1PIN_OFFSET
                               EQU              0x34
   24 00000000 00000054 
                       FIO2PIN_OFFSET
                               EQU              0x54
   25 00000000         
   26 00000000 400FC0C4 
                       LPC_SC_PCONP
                               EQU              0x400fc0c4
   27 00000000 4002C000 
                       LPC_PINSEL_BASE_ADDR
                               EQU              0x4002C000
   28 00000000 00000000 
                       PINSEL0_OFFSET
                               EQU              0x00
   29 00000000 00000004 
                       PINSEL1_OFFSET
                               EQU              0x04
   30 00000000 00000008 
                       PINSEL2_OFFSET
                               EQU              0x08



ARM Macro Assembler    Page 2 


   31 00000000 0000000C 
                       PINSEL3_OFFSET
                               EQU              0x0C
   32 00000000 00000010 
                       PINSEL4_OFFSET
                               EQU              0x10
   33 00000000 00000024 
                       PINSEL9_OFFSET
                               EQU              0x24
   34 00000000         
   35 00000000         ;-------------------------------------------------------
                       -----------------------------------------------------
   36 00000000         ;UART0 Register
   37 00000000         ;-------------------------------------------------------
                       -----------------------------------------------------
   38 00000000 4000C000 
                       UART0_BASE_ADDR
                               EQU              0x4000C000
   39 00000000 00000000 
                       UART0_RBR_OFFSET
                               EQU              0x00
   40 00000000 00000000 
                       UART0_THR_OFFSET
                               EQU              0x00
   41 00000000 00000000 
                       UART0_DLL_OFFSET
                               EQU              0x00
   42 00000000 00000004 
                       UART0_DLM_OFFSET
                               EQU              0x04
   43 00000000 0000000C 
                       UART0_LCR_OFFSET
                               EQU              0x0C
   44 00000000 00000014 
                       UART0_LSR_OFFSET
                               EQU              0x14
   45 00000000 00000028 
                       UART0_FDR_OFFSET
                               EQU              0x28
   46 00000000         
   47 00000000         ;-------------------------------------------------------
                       -----------------------------------------------------
   48 00000000         ;UART1 Register
   49 00000000         ;-------------------------------------------------------
                       -----------------------------------------------------
   50 00000000 40010000 
                       UART1_BASE_ADDR
                               EQU              0x40010000
   51 00000000 00000000 
                       UART1_RBR_OFFSET
                               EQU              0x00
   52 00000000 00000000 
                       UART1_THR_OFFSET
                               EQU              0x00
   53 00000000 00000000 
                       UART1_DLL_OFFSET
                               EQU              0x00
   54 00000000 00000004 
                       UART1_DLM_OFFSET



ARM Macro Assembler    Page 3 


                               EQU              0x04
   55 00000000 0000000C 
                       UART1_LCR_OFFSET
                               EQU              0x0C
   56 00000000 00000014 
                       UART1_LSR_OFFSET
                               EQU              0x14
   57 00000000 00000028 
                       UART1_FDR_OFFSET
                               EQU              0x28
   58 00000000         
   59 00000000         ;-------------------------------------------------------
                       -----------------------------------------------------
   60 00000000         ;UART3 Register
   61 00000000         ;-------------------------------------------------------
                       -----------------------------------------------------
   62 00000000 4009C000 
                       UART3_BASE_ADDR
                               EQU              0x4009C000
   63 00000000 00000000 
                       UART3_RBR_OFFSET
                               EQU              0x00
   64 00000000 00000000 
                       UART3_THR_OFFSET
                               EQU              0x00
   65 00000000 00000000 
                       UART3_DLL_OFFSET
                               EQU              0x00
   66 00000000 00000004 
                       UART3_DLM_OFFSET
                               EQU              0x04
   67 00000000 0000000C 
                       UART3_LCR_OFFSET
                               EQU              0x0C
   68 00000000 00000014 
                       UART3_LSR_OFFSET
                               EQU              0x14
   69 00000000 00000028 
                       UART3_FDR_OFFSET
                               EQU              0x28
   70 00000000         
   71 00000000         ; The program
   72 00000000         ; Linker requires Reset_Handler
   73 00000000         
   74 00000000                 AREA             MYCODE, CODE, READONLY
   75 00000000         
   76 00000000                 ENTRY
   77 00000000                 EXPORT           SER_Init
   78 00000000                 EXPORT           RS485_Init
   79 00000000                 EXPORT           DIP_SW_Init
   80 00000000                 EXPORT           UART0_GetChar
   81 00000000                 EXPORT           UART0_PutChar
   82 00000000                 EXPORT           UART1_GetChar
   83 00000000                 EXPORT           UART1_PutChar
   84 00000000                 EXPORT           UART3_GetChar
   85 00000000                 EXPORT           UART3_PutChar
   86 00000000                 EXPORT           RS485_SET_RX
   87 00000000                 EXPORT           RS485_SET_TX
   88 00000000                 EXPORT           DIP_value



ARM Macro Assembler    Page 4 


   89 00000000                 EXPORT           Delay
   90 00000000         
   91 00000000         ;-------------------------------------------------------
                       -----------------------------------------------------
   92 00000000         SER_Init
   93 00000000         
   94 00000000         ;-------------------------------------------------------
                       ------------------------------------------------
   95 00000000         ; PCONP : Power Control for Peripherals register ( PCONP
                        - address 0x400FC0C4 )
   96 00000000         ;-------------------------------------------------------
                       ------------------------------------------------
   97 00000000 485A            LDR              R0, =LPC_SC_PCONP 
                                                            ; ADDR to LOAD FROM
                                                            
   98 00000002 6801            LDR              R1, [R0, #0] ; LOAD from ADDR
   99 00000004 4A5A            LDR              R2, =0x3008018 ; enable power t
                                                            o UART[3 downto 0] 
                                                            & GPIO
  100 00000006 EA41 0102       ORR              R1, R1, R2  ; OR operation
  101 0000000A 6001            STR              R1, [R0, #0] ; STORE to ADDR
  102 0000000C         
  103 0000000C         ;-------------------------------------------------------
                       ------------------------------------------------
  104 0000000C         ; UART0
  105 0000000C         ;-------------------------------------------------------
                       ------------------------------------------------
  106 0000000C 4859            LDR              R0,=LPC_PINSEL_BASE_ADDR
  107 0000000E 6801            LDR              R1, [R0, #PINSEL0_OFFSET]
  108 00000010 F041 0150       ORR              R1, R1, #0x50 ; TXD0 RXD0
  109 00000014 6001            STR              R1, [R0, #PINSEL0_OFFSET]
  110 00000016         
  111 00000016 4958            LDR              R1, =UART0_BASE_ADDR
  112 00000018 F04F 0083       MOV              R0,#0x83    ; 8 bits, no Parity
                                                            , 1 Stop bit
  113 0000001C 7308            STRB             R0, [R1, #UART0_LCR_OFFSET]
  114 0000001E         
  115 0000001E F04F 006C       MOV              R0,#0x6C    ; 9600 Baud Rate @ 
                                                            25.0 MHZ PCLK
  116 00000022 7008            STRB             R0, [R1, #UART0_DLL_OFFSET]
  117 00000024         
  118 00000024 F04F 0021       MOV              R0,#0x21    ; FR 1,507, DIVADDV
                                                            AL=1, MULVAL=2
  119 00000028 F881 0028       STRB             R0, [R1, #UART0_FDR_OFFSET]
  120 0000002C         
  121 0000002C F04F 0000       MOV              R0,#0x00    ; High divisor latc
                                                            h = 0
  122 00000030 7108            STRB             R0, [R1, #UART0_DLM_OFFSET]
  123 00000032         
  124 00000032 F04F 0003       MOV              R0,#0x03    ; DLAB = 0 
  125 00000036 7308            STRB             R0, [R1, #UART0_LCR_OFFSET]
  126 00000038         
  127 00000038         ;-------------------------------------------------------
                       ------------------------------------------------
  128 00000038         ; UART1
  129 00000038         ;-------------------------------------------------------
                       ------------------------------------------------
  130 00000038 484E            LDR              R0,=LPC_PINSEL_BASE_ADDR
  131 0000003A 6901            LDR              R1, [R0, #PINSEL4_OFFSET]



ARM Macro Assembler    Page 5 


  132 0000003C F041 0102       ORR              R1, R1, #2  ; Pin P2.0 used as 
                                                            TXD1 
  133 00000040 6101            STR              R1, [R0, #PINSEL4_OFFSET]
  134 00000042         
  135 00000042 6901            LDR              R1, [R0, #PINSEL4_OFFSET]
  136 00000044 F041 0108       ORR              R1, R1, #8  ; Pin P2.1 used as 
                                                            RXD1 
  137 00000048 6101            STR              R1, [R0, #PINSEL4_OFFSET]
  138 0000004A         
  139 0000004A 494C            LDR              R1, =UART1_BASE_ADDR
  140 0000004C F04F 0083       MOV              R0,#0x83    ; 8 bits, no Parity
                                                            , 1 Stop bit
  141 00000050 7308            STRB             R0, [R1, #UART1_LCR_OFFSET]
  142 00000052         
  143 00000052 F04F 006C       MOV              R0,#0x6C    ; 9600 Baud Rate @ 
                                                            25.0 MHZ PCLK
  144 00000056 7008            STRB             R0, [R1, #UART1_DLL_OFFSET]
  145 00000058         
  146 00000058 F04F 0021       MOV              R0,#0x21    ; FR 1,507, DIVADDV
                                                            AL=1, MULVAL=2
  147 0000005C F881 0028       STRB             R0, [R1, #UART1_FDR_OFFSET]
  148 00000060         
  149 00000060 F04F 0000       MOV              R0,#0x00    ; High divisor latc
                                                            h = 0
  150 00000064 7108            STRB             R0, [R1, #UART1_DLM_OFFSET]
  151 00000066         
  152 00000066 F04F 0003       MOV              R0,#0x03    ; DLAB = 0 
  153 0000006A 7308            STRB             R0, [R1, #UART1_LCR_OFFSET]
  154 0000006C         
  155 0000006C 4770            BX               LR
  156 0000006E         
  157 0000006E         RS485_Init
  158 0000006E         
  159 0000006E         ;-------------------------------------------------------
                       ------------------------------------------------
  160 0000006E         ; UART3
  161 0000006E         ;-------------------------------------------------------
                       ------------------------------------------------
  162 0000006E 4841            LDR              R0,=LPC_PINSEL_BASE_ADDR
  163 00000070 6A41            LDR              R1, [R0, #PINSEL9_OFFSET]
  164 00000072 F041 6170       ORR              R1, R1, #0xF000000 ; TXD3 RXD3
  165 00000076 6241            STR              R1, [R0, #PINSEL9_OFFSET]
  166 00000078         
  167 00000078 4941            LDR              R1, =UART3_BASE_ADDR
  168 0000007A F04F 0083       MOV              R0,#0x83    ; 8 bits, no Parity
                                                            , 1 Stop bit
  169 0000007E 7308            STRB             R0, [R1, #UART3_LCR_OFFSET]
  170 00000080         
  171 00000080 F04F 006C       MOV              R0,#0x6C    ; 115200 Baud Rate 
                                                            @ 25.0 MHZ PCLK (0x
                                                            6C : 9600)(0x09 : 1
                                                            15200)
  172 00000084 7008            STRB             R0, [R1, #UART3_DLL_OFFSET]
  173 00000086         
  174 00000086 F04F 0021       MOV              R0,#0x21    ; FR 1,507, DIVADDV
                                                            AL=1, MULVAL=2
  175 0000008A F881 0028       STRB             R0, [R1, #UART3_FDR_OFFSET]
  176 0000008E         
  177 0000008E F04F 0000       MOV              R0,#0x00    ; High divisor latc



ARM Macro Assembler    Page 6 


                                                            h = 0
  178 00000092 7108            STRB             R0, [R1, #UART3_DLM_OFFSET]
  179 00000094         
  180 00000094 F04F 0003       MOV              R0,#0x03    ; DLAB = 0 
  181 00000098 7308            STRB             R0, [R1, #UART3_LCR_OFFSET]
  182 0000009A         
  183 0000009A         ;-------------------------------------------------------
                       ------------------------------------------------
  184 0000009A         ; RS485 Enable Signal
  185 0000009A         ;-------------------------------------------------------
                       ------------------------------------------------
  186 0000009A         
  187 0000009A 4836            LDR              R0,=LPC_PINSEL_BASE_ADDR
  188 0000009C 6801            LDR              R1, [R0, #PINSEL0_OFFSET] 
                                                            ; PIN SELECT
  189 0000009E F421 7140       BIC              R1, R1, #0x300 ; P0.4 is GPIO
  190 000000A2 6001            STR              R1, [R0, #PINSEL0_OFFSET]
  191 000000A4         
  192 000000A4 4837            LDR              R0,=LPC_GPIO_BASE_ADDR
  193 000000A6 6801            LDR              R1, [R0, #FIO0DIR_OFFSET] 
                                                            ; PIN DIRECTION
  194 000000A8 F041 0110       ORR              R1, R1, #0x10
  195 000000AC 6001            STR              R1, [R0, #FIO0DIR_OFFSET]
  196 000000AE         
  197 000000AE 4770            BX               LR
  198 000000B0         
  199 000000B0         ;-------------------------------------------------------
                       -----------------------------------------------------  
  200 000000B0         DIP_SW_Init
  201 000000B0         
  202 000000B0 4830            LDR              R0, =LPC_PINSEL_BASE_ADDR
  203 000000B2 6801            LDR              R1, [R0, #PINSEL0_OFFSET]
  204 000000B4 F021 0103       BIC              R1, R1, #0x3 ; P0.0 P0.1 GPIO
  205 000000B8 6001            STR              R1, [R0, #PINSEL0_OFFSET]
  206 000000BA         
  207 000000BA 6841            LDR              R1, [R0, #PINSEL1_OFFSET]
  208 000000BC F421 5170       BIC              R1, R1, #0x3C00 
                                                            ; P0.21 P0.22 GPIO
  209 000000C0 6041            STR              R1, [R0, #PINSEL1_OFFSET]
  210 000000C2         
  211 000000C2 4830            LDR              R0, =LPC_GPIO_BASE_ADDR
  212 000000C4 6801            LDR              R1, [R0, #FIO0DIR_OFFSET]
  213 000000C6 F021 0103       BIC              R1, R1, #0x3 ; DIR OUT 
  214 000000CA 6001            STR              R1, [R0, #FIO0DIR_OFFSET]
  215 000000CC         
  216 000000CC 6801            LDR              R1, [R0, #FIO0DIR_OFFSET]
  217 000000CE F421 01C0       BIC              R1, R1, #0x600000 ; DIR OUT
  218 000000D2 6001            STR              R1, [R0, #FIO0DIR_OFFSET]
  219 000000D4         
  220 000000D4 4770            BX               LR
  221 000000D6         
  222 000000D6         ;-------------------------------------------------------
                       -----------------------------------------------------
  223 000000D6         DIP_value
  224 000000D6 4A2B            LDR              R2,=LPC_GPIO_BASE_ADDR
  225 000000D8 6951            LDR              R1, [R2, #FIO0PIN_OFFSET]
  226 000000DA EA00 0001       AND              R0, R0, R1
  227 000000DE 4770            BX               LR
  228 000000E0         



ARM Macro Assembler    Page 7 


  229 000000E0         ;-------------------------------------------------------
                       -----------------------------------------------------
  230 000000E0         RS485_SET_RX
  231 000000E0 4A28            LDR              R2, =LPC_GPIO_BASE_ADDR
  232 000000E2 6951            LDR              R1, [R2, #FIO0PIN_OFFSET]
  233 000000E4 F021 0110       BIC              R1, R1, #0x10
  234 000000E8 6151            STR              R1, [R2, #FIO0PIN_OFFSET]
  235 000000EA         
  236 000000EA 4770            BX               LR
  237 000000EC         
  238 000000EC         
  239 000000EC         ;-------------------------------------------------------
                       -----------------------------------------------------
  240 000000EC         RS485_SET_TX
  241 000000EC 4A25            LDR              R2, =LPC_GPIO_BASE_ADDR
  242 000000EE 6951            LDR              R1, [R2, #FIO0PIN_OFFSET]
  243 000000F0 F041 0110       ORR              R1, R1, #0x10
  244 000000F4 6151            STR              R1, [R2, #FIO0PIN_OFFSET]
  245 000000F6         
  246 000000F6 4770            BX               LR
  247 000000F8         
  248 000000F8         ;-------------------------------------------------------
                       -----------------------------------------------------
  249 000000F8         UART0_Void
  250 000000F8 F04F 0000       LDR              R0, =0
  251 000000FC 4770            BX               LR
  252 000000FE         
  253 000000FE         ;-------------------------------------------------------
                       -----------------------------------------------------
  254 000000FE         UART0_GetChar
  255 000000FE BF00            NOP
  256 00000100         CheckUart0RxReady
  257 00000100 4A1D            LDR              R2, =UART0_BASE_ADDR
  258 00000102 7D10            LDRB             R0, [R2, #UART0_LSR_OFFSET]
  259 00000104 F010 0F01       TST              R0, #1
  260 00000108 D0F6            BEQ              UART0_Void
  261 0000010A 7810            LDRB             R0, [R2, #UART0_RBR_OFFSET]
  262 0000010C 4770            BX               LR
  263 0000010E         
  264 0000010E         ;-------------------------------------------------------
                       -----------------------------------------------------
  265 0000010E         UART0_PutChar
  266 0000010E 4A1A            LDR              R2, =UART0_BASE_ADDR
  267 00000110         CheckUart0TxReady
  268 00000110 7D11            LDRB             R1, [R2, #UART0_LSR_OFFSET]
  269 00000112 F011 0F20       TST              R1, #0x20
  270 00000116 D0FB            BEQ              CheckUart0TxReady
  271 00000118 7010            STRB             R0, [R2, #UART0_THR_OFFSET]
  272 0000011A 4770            BX               LR
  273 0000011C         
  274 0000011C         ;-------------------------------------------------------
                       -----------------------------------------------------
  275 0000011C         UART1_Void
  276 0000011C F04F 0000       LDR              R0, =0
  277 00000120 4770            BX               LR
  278 00000122         
  279 00000122         ;-------------------------------------------------------
                       -----------------------------------------------------
  280 00000122         UART1_GetChar



ARM Macro Assembler    Page 8 


  281 00000122 BF00            NOP
  282 00000124 4A15            LDR              R2, =UART1_BASE_ADDR
  283 00000126 7D11            LDRB             R1, [R2, #UART1_LSR_OFFSET]
  284 00000128 F011 0F01       TST              R1, #1
  285 0000012C D008            BEQ              UART3_Void
  286 0000012E 7810            LDRB             R0, [R2, #UART1_RBR_OFFSET]
  287 00000130 4770            BX               LR
  288 00000132         
  289 00000132         ;-------------------------------------------------------
                       -----------------------------------------------------
  290 00000132         UART1_PutChar
  291 00000132 4A12            LDR              R2, =UART1_BASE_ADDR
  292 00000134         CheckUart1TxReady
  293 00000134 7D11            LDRB             R1, [R2, #UART1_LSR_OFFSET]
  294 00000136 F011 0F20       TST              R1, #0x20
  295 0000013A D0FB            BEQ              CheckUart1TxReady
  296 0000013C 7010            STRB             R0, [R2, #UART1_THR_OFFSET]
  297 0000013E 4770            BX               LR
  298 00000140         
  299 00000140         
  300 00000140         ;-------------------------------------------------------
                       -----------------------------------------------------
  301 00000140         UART3_Void
  302 00000140 F04F 0000       LDR              R0, =0
  303 00000144 4770            BX               LR
  304 00000146         
  305 00000146         ;-------------------------------------------------------
                       -----------------------------------------------------
  306 00000146         UART3_GetChar
  307 00000146 BF00            NOP
  308 00000148 4A0D            LDR              R2, =UART3_BASE_ADDR
  309 0000014A 6951            LDR              R1, [R2, #UART3_LSR_OFFSET]
  310 0000014C F011 0F01       TST              R1, #1
  311 00000150 D0F6            BEQ              UART3_Void
  312 00000152 6810            LDR              R0, [R2, #UART3_RBR_OFFSET]
  313 00000154 4770            BX               LR
  314 00000156         
  315 00000156         ;-------------------------------------------------------
                       -----------------------------------------------------
  316 00000156         UART3_PutChar
  317 00000156 4A0A            LDR              R2, =UART3_BASE_ADDR
  318 00000158         CheckUart3TxReady
  319 00000158 6951            LDR              R1, [R2, #UART3_LSR_OFFSET]
  320 0000015A F011 0F20       TST              R1, #0x20
  321 0000015E D0FB            BEQ              CheckUart3TxReady
  322 00000160 6010            STR              R0, [R2, #UART3_THR_OFFSET]
  323 00000162 4770            BX               LR
  324 00000164         
  325 00000164         
  326 00000164         Delay
  327 00000164 1E40            SUBS             R0, R0, #1
  328 00000166 D1FE            BNE              Delay
  329 00000168         
  330 00000168 4770            BX               LR
  331 0000016A         
  332 0000016A         
  333 0000016A         ;-------------------------------------------------------
                       -----------------------------------------------------
  334 0000016A                 END                          ;End of the program



ARM Macro Assembler    Page 9 


                                                            
              00 00 400FC0C4 
              03008018 
              4002C000 
              4000C000 
              40010000 
              4009C000 
              2009C000 
Command Line: --16 --debug --xref --cpu=Cortex-M3 --apcs=interwork --depend=.\F
lash\Serial.d -o.\Flash\Serial.o -IC:\Keil\ARM\RV31\INC -IC:\Keil\ARM\CMSIS\Inc
lude -IC:\Keil\ARM\Inc\NXP\LPC17xx --predefine="__MICROLIB SETA 1" --list=.\Fla
sh\Serial.lst Serial.s



ARM Macro Assembler    Page 1 Alphabetic symbol ordering
Relocatable symbols

CheckUart0RxReady 00000100

Symbol: CheckUart0RxReady
   Definitions
      At line 256 in file Serial.s
   Uses
      None
Comment: CheckUart0RxReady unused
CheckUart0TxReady 00000110

Symbol: CheckUart0TxReady
   Definitions
      At line 267 in file Serial.s
   Uses
      At line 270 in file Serial.s
Comment: CheckUart0TxReady used once
CheckUart1TxReady 00000134

Symbol: CheckUart1TxReady
   Definitions
      At line 292 in file Serial.s
   Uses
      At line 295 in file Serial.s
Comment: CheckUart1TxReady used once
CheckUart3TxReady 00000158

Symbol: CheckUart3TxReady
   Definitions
      At line 318 in file Serial.s
   Uses
      At line 321 in file Serial.s
Comment: CheckUart3TxReady used once
DIP_SW_Init 000000B0

Symbol: DIP_SW_Init
   Definitions
      At line 200 in file Serial.s
   Uses
      At line 79 in file Serial.s
Comment: DIP_SW_Init used once
DIP_value 000000D6

Symbol: DIP_value
   Definitions
      At line 223 in file Serial.s
   Uses
      At line 88 in file Serial.s
Comment: DIP_value used once
Delay 00000164

Symbol: Delay
   Definitions
      At line 326 in file Serial.s
   Uses
      At line 89 in file Serial.s
      At line 328 in file Serial.s

MYCODE 00000000




ARM Macro Assembler    Page 2 Alphabetic symbol ordering
Relocatable symbols

Symbol: MYCODE
   Definitions
      At line 74 in file Serial.s
   Uses
      None
Comment: MYCODE unused
RS485_Init 0000006E

Symbol: RS485_Init
   Definitions
      At line 157 in file Serial.s
   Uses
      At line 78 in file Serial.s
Comment: RS485_Init used once
RS485_SET_RX 000000E0

Symbol: RS485_SET_RX
   Definitions
      At line 230 in file Serial.s
   Uses
      At line 86 in file Serial.s
Comment: RS485_SET_RX used once
RS485_SET_TX 000000EC

Symbol: RS485_SET_TX
   Definitions
      At line 240 in file Serial.s
   Uses
      At line 87 in file Serial.s
Comment: RS485_SET_TX used once
SER_Init 00000000

Symbol: SER_Init
   Definitions
      At line 92 in file Serial.s
   Uses
      At line 77 in file Serial.s
Comment: SER_Init used once
UART0_GetChar 000000FE

Symbol: UART0_GetChar
   Definitions
      At line 254 in file Serial.s
   Uses
      At line 80 in file Serial.s
Comment: UART0_GetChar used once
UART0_PutChar 0000010E

Symbol: UART0_PutChar
   Definitions
      At line 265 in file Serial.s
   Uses
      At line 81 in file Serial.s
Comment: UART0_PutChar used once
UART0_Void 000000F8

Symbol: UART0_Void
   Definitions
      At line 249 in file Serial.s



ARM Macro Assembler    Page 3 Alphabetic symbol ordering
Relocatable symbols

   Uses
      At line 260 in file Serial.s
Comment: UART0_Void used once
UART1_GetChar 00000122

Symbol: UART1_GetChar
   Definitions
      At line 280 in file Serial.s
   Uses
      At line 82 in file Serial.s
Comment: UART1_GetChar used once
UART1_PutChar 00000132

Symbol: UART1_PutChar
   Definitions
      At line 290 in file Serial.s
   Uses
      At line 83 in file Serial.s
Comment: UART1_PutChar used once
UART1_Void 0000011C

Symbol: UART1_Void
   Definitions
      At line 275 in file Serial.s
   Uses
      None
Comment: UART1_Void unused
UART3_GetChar 00000146

Symbol: UART3_GetChar
   Definitions
      At line 306 in file Serial.s
   Uses
      At line 84 in file Serial.s
Comment: UART3_GetChar used once
UART3_PutChar 00000156

Symbol: UART3_PutChar
   Definitions
      At line 316 in file Serial.s
   Uses
      At line 85 in file Serial.s
Comment: UART3_PutChar used once
UART3_Void 00000140

Symbol: UART3_Void
   Definitions
      At line 301 in file Serial.s
   Uses
      At line 285 in file Serial.s
      At line 311 in file Serial.s

21 symbols



ARM Macro Assembler    Page 1 Alphabetic symbol ordering
Absolute symbols

FIO0DIR_OFFSET 00000000

Symbol: FIO0DIR_OFFSET
   Definitions
      At line 18 in file Serial.s
   Uses
      At line 193 in file Serial.s
      At line 195 in file Serial.s
      At line 212 in file Serial.s
      At line 214 in file Serial.s
      At line 216 in file Serial.s
      At line 218 in file Serial.s

FIO0PIN_OFFSET 00000014

Symbol: FIO0PIN_OFFSET
   Definitions
      At line 22 in file Serial.s
   Uses
      At line 225 in file Serial.s
      At line 232 in file Serial.s
      At line 234 in file Serial.s
      At line 242 in file Serial.s
      At line 244 in file Serial.s

FIO1DIR_OFFSET 00000020

Symbol: FIO1DIR_OFFSET
   Definitions
      At line 19 in file Serial.s
   Uses
      None
Comment: FIO1DIR_OFFSET unused
FIO1PIN_OFFSET 00000034

Symbol: FIO1PIN_OFFSET
   Definitions
      At line 23 in file Serial.s
   Uses
      None
Comment: FIO1PIN_OFFSET unused
FIO2DIR_OFFSET 00000040

Symbol: FIO2DIR_OFFSET
   Definitions
      At line 20 in file Serial.s
   Uses
      None
Comment: FIO2DIR_OFFSET unused
FIO2PIN_OFFSET 00000054

Symbol: FIO2PIN_OFFSET
   Definitions
      At line 24 in file Serial.s
   Uses
      None
Comment: FIO2PIN_OFFSET unused
LPC_GPIO_BASE_ADDR 2009C000




ARM Macro Assembler    Page 2 Alphabetic symbol ordering
Absolute symbols

Symbol: LPC_GPIO_BASE_ADDR
   Definitions
      At line 17 in file Serial.s
   Uses
      At line 192 in file Serial.s
      At line 211 in file Serial.s
      At line 224 in file Serial.s
      At line 231 in file Serial.s
      At line 241 in file Serial.s

LPC_PINSEL_BASE_ADDR 4002C000

Symbol: LPC_PINSEL_BASE_ADDR
   Definitions
      At line 27 in file Serial.s
   Uses
      At line 106 in file Serial.s
      At line 130 in file Serial.s
      At line 162 in file Serial.s
      At line 187 in file Serial.s
      At line 202 in file Serial.s

LPC_SC_PCONP 400FC0C4

Symbol: LPC_SC_PCONP
   Definitions
      At line 26 in file Serial.s
   Uses
      At line 97 in file Serial.s
Comment: LPC_SC_PCONP used once
PINSEL0_OFFSET 00000000

Symbol: PINSEL0_OFFSET
   Definitions
      At line 28 in file Serial.s
   Uses
      At line 107 in file Serial.s
      At line 109 in file Serial.s
      At line 188 in file Serial.s
      At line 190 in file Serial.s
      At line 203 in file Serial.s
      At line 205 in file Serial.s

PINSEL1_OFFSET 00000004

Symbol: PINSEL1_OFFSET
   Definitions
      At line 29 in file Serial.s
   Uses
      At line 207 in file Serial.s
      At line 209 in file Serial.s

PINSEL2_OFFSET 00000008

Symbol: PINSEL2_OFFSET
   Definitions
      At line 30 in file Serial.s
   Uses
      None



ARM Macro Assembler    Page 3 Alphabetic symbol ordering
Absolute symbols

Comment: PINSEL2_OFFSET unused
PINSEL3_OFFSET 0000000C

Symbol: PINSEL3_OFFSET
   Definitions
      At line 31 in file Serial.s
   Uses
      None
Comment: PINSEL3_OFFSET unused
PINSEL4_OFFSET 00000010

Symbol: PINSEL4_OFFSET
   Definitions
      At line 32 in file Serial.s
   Uses
      At line 131 in file Serial.s
      At line 133 in file Serial.s
      At line 135 in file Serial.s
      At line 137 in file Serial.s

PINSEL9_OFFSET 00000024

Symbol: PINSEL9_OFFSET
   Definitions
      At line 33 in file Serial.s
   Uses
      At line 163 in file Serial.s
      At line 165 in file Serial.s

UART0_BASE_ADDR 4000C000

Symbol: UART0_BASE_ADDR
   Definitions
      At line 38 in file Serial.s
   Uses
      At line 111 in file Serial.s
      At line 257 in file Serial.s
      At line 266 in file Serial.s

UART0_DLL_OFFSET 00000000

Symbol: UART0_DLL_OFFSET
   Definitions
      At line 41 in file Serial.s
   Uses
      At line 116 in file Serial.s
Comment: UART0_DLL_OFFSET used once
UART0_DLM_OFFSET 00000004

Symbol: UART0_DLM_OFFSET
   Definitions
      At line 42 in file Serial.s
   Uses
      At line 122 in file Serial.s
Comment: UART0_DLM_OFFSET used once
UART0_FDR_OFFSET 00000028

Symbol: UART0_FDR_OFFSET
   Definitions



ARM Macro Assembler    Page 4 Alphabetic symbol ordering
Absolute symbols

      At line 45 in file Serial.s
   Uses
      At line 119 in file Serial.s
Comment: UART0_FDR_OFFSET used once
UART0_LCR_OFFSET 0000000C

Symbol: UART0_LCR_OFFSET
   Definitions
      At line 43 in file Serial.s
   Uses
      At line 113 in file Serial.s
      At line 125 in file Serial.s

UART0_LSR_OFFSET 00000014

Symbol: UART0_LSR_OFFSET
   Definitions
      At line 44 in file Serial.s
   Uses
      At line 258 in file Serial.s
      At line 268 in file Serial.s

UART0_RBR_OFFSET 00000000

Symbol: UART0_RBR_OFFSET
   Definitions
      At line 39 in file Serial.s
   Uses
      At line 261 in file Serial.s
Comment: UART0_RBR_OFFSET used once
UART0_THR_OFFSET 00000000

Symbol: UART0_THR_OFFSET
   Definitions
      At line 40 in file Serial.s
   Uses
      At line 271 in file Serial.s
Comment: UART0_THR_OFFSET used once
UART1_BASE_ADDR 40010000

Symbol: UART1_BASE_ADDR
   Definitions
      At line 50 in file Serial.s
   Uses
      At line 139 in file Serial.s
      At line 282 in file Serial.s
      At line 291 in file Serial.s

UART1_DLL_OFFSET 00000000

Symbol: UART1_DLL_OFFSET
   Definitions
      At line 53 in file Serial.s
   Uses
      At line 144 in file Serial.s
Comment: UART1_DLL_OFFSET used once
UART1_DLM_OFFSET 00000004

Symbol: UART1_DLM_OFFSET



ARM Macro Assembler    Page 5 Alphabetic symbol ordering
Absolute symbols

   Definitions
      At line 54 in file Serial.s
   Uses
      At line 150 in file Serial.s
Comment: UART1_DLM_OFFSET used once
UART1_FDR_OFFSET 00000028

Symbol: UART1_FDR_OFFSET
   Definitions
      At line 57 in file Serial.s
   Uses
      At line 147 in file Serial.s
Comment: UART1_FDR_OFFSET used once
UART1_LCR_OFFSET 0000000C

Symbol: UART1_LCR_OFFSET
   Definitions
      At line 55 in file Serial.s
   Uses
      At line 141 in file Serial.s
      At line 153 in file Serial.s

UART1_LSR_OFFSET 00000014

Symbol: UART1_LSR_OFFSET
   Definitions
      At line 56 in file Serial.s
   Uses
      At line 283 in file Serial.s
      At line 293 in file Serial.s

UART1_RBR_OFFSET 00000000

Symbol: UART1_RBR_OFFSET
   Definitions
      At line 51 in file Serial.s
   Uses
      At line 286 in file Serial.s
Comment: UART1_RBR_OFFSET used once
UART1_THR_OFFSET 00000000

Symbol: UART1_THR_OFFSET
   Definitions
      At line 52 in file Serial.s
   Uses
      At line 296 in file Serial.s
Comment: UART1_THR_OFFSET used once
UART3_BASE_ADDR 4009C000

Symbol: UART3_BASE_ADDR
   Definitions
      At line 62 in file Serial.s
   Uses
      At line 167 in file Serial.s
      At line 308 in file Serial.s
      At line 317 in file Serial.s

UART3_DLL_OFFSET 00000000




ARM Macro Assembler    Page 6 Alphabetic symbol ordering
Absolute symbols

Symbol: UART3_DLL_OFFSET
   Definitions
      At line 65 in file Serial.s
   Uses
      At line 172 in file Serial.s
Comment: UART3_DLL_OFFSET used once
UART3_DLM_OFFSET 00000004

Symbol: UART3_DLM_OFFSET
   Definitions
      At line 66 in file Serial.s
   Uses
      At line 178 in file Serial.s
Comment: UART3_DLM_OFFSET used once
UART3_FDR_OFFSET 00000028

Symbol: UART3_FDR_OFFSET
   Definitions
      At line 69 in file Serial.s
   Uses
      At line 175 in file Serial.s
Comment: UART3_FDR_OFFSET used once
UART3_LCR_OFFSET 0000000C

Symbol: UART3_LCR_OFFSET
   Definitions
      At line 67 in file Serial.s
   Uses
      At line 169 in file Serial.s
      At line 181 in file Serial.s

UART3_LSR_OFFSET 00000014

Symbol: UART3_LSR_OFFSET
   Definitions
      At line 68 in file Serial.s
   Uses
      At line 309 in file Serial.s
      At line 319 in file Serial.s

UART3_RBR_OFFSET 00000000

Symbol: UART3_RBR_OFFSET
   Definitions
      At line 63 in file Serial.s
   Uses
      At line 312 in file Serial.s
Comment: UART3_RBR_OFFSET used once
UART3_THR_OFFSET 00000000

Symbol: UART3_THR_OFFSET
   Definitions
      At line 64 in file Serial.s
   Uses
      At line 322 in file Serial.s
Comment: UART3_THR_OFFSET used once
39 symbols
393 symbols in table
